\BOOKMARK [2][]{Outline0.1}{\376\377\000M\000o\000t\000i\000v\000a\000t\000i\000o\000n\000:\000\040\000V\000A\000E\000s\000\040\000a\000n\000d\000\040\000T\000h\000e\000i\000r\000\040\000L\000i\000m\000i\000t\000s}{}% 1
\BOOKMARK [2][]{Outline0.2}{\376\377\000H\000i\000e\000r\000a\000r\000c\000h\000i\000c\000a\000l\000\040\000V\000A\000E\000s\000\040\000a\000n\000d\000\040\000t\000h\000e\000\040\000D\000i\000f\000f\000u\000s\000i\000o\000n\000\040\000L\000i\000m\000i\000t}{}% 2
\BOOKMARK [2][]{Outline0.3}{\376\377\000T\000h\000e\000\040\000F\000o\000r\000w\000a\000r\000d\000\040\000P\000r\000o\000c\000e\000s\000s}{}% 3
\BOOKMARK [2][]{Outline0.4}{\376\377\000T\000h\000e\000\040\000F\000o\000r\000w\000a\000r\000d\000\040\000P\000o\000s\000t\000e\000r\000i\000o\000r}{}% 4
\BOOKMARK [2][]{Outline0.5}{\376\377\000T\000h\000e\000\040\000E\000L\000B\000O\000\040\000a\000n\000d\000\040\000I\000t\000s\000\040\000D\000e\000c\000o\000m\000p\000o\000s\000i\000t\000i\000o\000n}{}% 5
\BOOKMARK [2][]{Outline0.6}{\376\377\000N\000o\000i\000s\000e\000\040\000P\000r\000e\000d\000i\000c\000t\000i\000o\000n\000\040\000a\000n\000d\000\040\000t\000h\000e\000\040\000T\000r\000a\000i\000n\000i\000n\000g\000\040\000O\000b\000j\000e\000c\000t\000i\000v\000e}{}% 6
\BOOKMARK [2][]{Outline0.7}{\376\377\000C\000o\000n\000n\000e\000c\000t\000i\000o\000n\000\040\000t\000o\000\040\000S\000c\000o\000r\000e\000\040\000M\000a\000t\000c\000h\000i\000n\000g}{}% 7
\BOOKMARK [2][]{Outline0.8}{\376\377\000T\000h\000e\000\040\000R\000e\000v\000e\000r\000s\000e\000\040\000P\000r\000o\000c\000e\000s\000s\000\040\000a\000n\000d\000\040\000S\000a\000m\000p\000l\000i\000n\000g}{}% 8
\BOOKMARK [2][]{Outline0.9}{\376\377\000F\000a\000s\000t\000e\000r\000\040\000S\000a\000m\000p\000l\000i\000n\000g\000:\000\040\000D\000D\000I\000M}{}% 9
\BOOKMARK [2][]{Outline0.10}{\376\377\000L\000a\000t\000e\000n\000t\000\040\000D\000i\000f\000f\000u\000s\000i\000o\000n\000\040\000a\000n\000d\000\040\000C\000o\000n\000n\000e\000c\000t\000i\000o\000n\000s}{}% 10
\BOOKMARK [2][]{Outline0.11}{\376\377\000S\000u\000m\000m\000a\000r\000y\000\040\000a\000n\000d\000\040\000E\000x\000e\000r\000c\000i\000s\000e\000s}{}% 11
\BOOKMARK [2][]{Outline0.12}{\376\377\000G\000e\000n\000e\000r\000a\000t\000i\000v\000e\000\040\000A\000d\000v\000e\000r\000s\000a\000r\000i\000a\000l\000\040\000N\000e\000t\000w\000o\000r\000k\000s}{}% 12
\BOOKMARK [2][]{Outline0.13}{\376\377\000W\000h\000a\000t\000\040\000I\000s\000\040\000a\000\040\000G\000A\000N\000?}{}% 13
\BOOKMARK [2][]{Outline0.14}{\376\377\000M\000a\000t\000h\000e\000m\000a\000t\000i\000c\000a\000l\000\040\000F\000o\000r\000m\000u\000l\000a\000t\000i\000o\000n}{}% 14
\BOOKMARK [2][]{Outline0.15}{\376\377\000O\000p\000t\000i\000m\000a\000l\000\040\000D\000i\000s\000c\000r\000i\000m\000i\000n\000a\000t\000o\000r\000\040\000a\000n\000d\000\040\000J\000S\000\040\000D\000i\000v\000e\000r\000g\000e\000n\000c\000e}{}% 15
\BOOKMARK [2][]{Outline0.16}{\376\377\000L\000o\000s\000s\000\040\000F\000u\000n\000c\000t\000i\000o\000n\000s\000\040\000i\000n\000\040\000P\000r\000a\000c\000t\000i\000c\000e}{}% 16
\BOOKMARK [2][]{Outline0.17}{\376\377\000T\000r\000a\000i\000n\000i\000n\000g\000\040\000C\000h\000a\000l\000l\000e\000n\000g\000e\000s}{}% 17
\BOOKMARK [2][]{Outline0.18}{\376\377\000E\000v\000a\000l\000u\000a\000t\000i\000n\000g\000\040\000G\000A\000N\000s}{}% 18
\BOOKMARK [2][]{Outline0.19}{\376\377\000A\000r\000c\000h\000i\000t\000e\000c\000t\000u\000r\000e\000\040\000D\000e\000s\000i\000g\000n}{}% 19
\BOOKMARK [2][]{Outline0.20}{\376\377\000E\000x\000t\000e\000n\000s\000i\000o\000n\000s\000\040\000a\000n\000d\000\040\000V\000a\000r\000i\000a\000n\000t\000s}{}% 20
\BOOKMARK [2][]{Outline0.21}{\376\377\000S\000u\000m\000m\000a\000r\000y\000\040\000a\000n\000d\000\040\000E\000x\000e\000r\000c\000i\000s\000e\000s}{}% 21
\BOOKMARK [2][]{Outline0.22}{\376\377\000C\000o\000m\000p\000a\000r\000i\000n\000g\000\040\000G\000e\000n\000e\000r\000a\000t\000i\000v\000e\000\040\000M\000o\000d\000e\000l\000s\000:\000\040\000V\000A\000E\000s\000,\000\040\000D\000i\000f\000f\000u\000s\000i\000o\000n\000,\000\040\000a\000n\000d\000\040\000G\000A\000N\000s}{}% 22
