This is pdfTeX, Version 3.141592653-2.6-1.40.24 (TeX Live 2022) (preloaded format=pdflatex 2022.9.10)  14 MAR 2023 10:23
entering extended mode
 restricted \write18 enabled.
 %&-line parsing enabled.
**ae.tex
(./ae.tex
LaTeX2e <2021-11-15> patch level 1
L3 programming layer <2022-02-24>
(/usr/local/texlive/2022/texmf-dist/tex/latex/base/article.cls
Document Class: article 2021/10/04 v1.4n Standard LaTeX document class
(/usr/local/texlive/2022/texmf-dist/tex/latex/base/size12.clo
File: size12.clo 2021/10/04 v1.4n Standard LaTeX file (size option)
)
\c@part=\count185
\c@section=\count186
\c@subsection=\count187
\c@subsubsection=\count188
\c@paragraph=\count189
\c@subparagraph=\count190
\c@figure=\count191
\c@table=\count192
\abovecaptionskip=\skip47
\belowcaptionskip=\skip48
\bibindent=\dimen138
)
(/usr/local/texlive/2022/texmf-dist/tex/latex/adjustbox/adjustbox.sty
Package: adjustbox 2020/08/19 v1.3 Adjusting TeX boxes (trim, clip, ...)

(/usr/local/texlive/2022/texmf-dist/tex/latex/xkeyval/xkeyval.sty
Package: xkeyval 2020/11/20 v2.8 package option processing (HA)

(/usr/local/texlive/2022/texmf-dist/tex/generic/xkeyval/xkeyval.tex
(/usr/local/texlive/2022/texmf-dist/tex/generic/xkeyval/xkvutils.tex
\XKV@toks=\toks16
\XKV@tempa@toks=\toks17

(/usr/local/texlive/2022/texmf-dist/tex/generic/xkeyval/keyval.tex))
\XKV@depth=\count193
File: xkeyval.tex 2014/12/03 v2.7a key=value parser (HA)
))
(/usr/local/texlive/2022/texmf-dist/tex/latex/adjustbox/adjcalc.sty
Package: adjcalc 2012/05/16 v1.1 Provides advanced setlength with multiple back
-ends (calc, etex, pgfmath)
)
(/usr/local/texlive/2022/texmf-dist/tex/latex/adjustbox/trimclip.sty
Package: trimclip 2020/08/19 v1.2 Trim and clip general TeX material

(/usr/local/texlive/2022/texmf-dist/tex/latex/graphics/graphicx.sty
Package: graphicx 2021/09/16 v1.2d Enhanced LaTeX Graphics (DPC,SPQR)

(/usr/local/texlive/2022/texmf-dist/tex/latex/graphics/graphics.sty
Package: graphics 2021/03/04 v1.4d Standard LaTeX Graphics (DPC,SPQR)

(/usr/local/texlive/2022/texmf-dist/tex/latex/graphics/trig.sty
Package: trig 2021/08/11 v1.11 sin cos tan (DPC)
)
(/usr/local/texlive/2022/texmf-dist/tex/latex/graphics-cfg/graphics.cfg
File: graphics.cfg 2016/06/04 v1.11 sample graphics configuration
)
Package graphics Info: Driver file: pdftex.def on input line 107.

(/usr/local/texlive/2022/texmf-dist/tex/latex/graphics-def/pdftex.def
File: pdftex.def 2020/10/05 v1.2a Graphics/color driver for pdftex
))
\Gin@req@height=\dimen139
\Gin@req@width=\dimen140
)
(/usr/local/texlive/2022/texmf-dist/tex/latex/collectbox/collectbox.sty
Package: collectbox 2012/05/17 v0.4b Collect macro arguments as boxes
\collectedbox=\box50
)
\tc@llx=\dimen141
\tc@lly=\dimen142
\tc@urx=\dimen143
\tc@ury=\dimen144
Package trimclip Info: Using driver 'tc-pdftex.def'.

(/usr/local/texlive/2022/texmf-dist/tex/latex/adjustbox/tc-pdftex.def
File: tc-pdftex.def 2019/01/04 v2.2 Clipping driver for pdftex
))
\adjbox@Width=\dimen145
\adjbox@Height=\dimen146
\adjbox@Depth=\dimen147
\adjbox@Totalheight=\dimen148
\adjbox@pwidth=\dimen149
\adjbox@pheight=\dimen150
\adjbox@pdepth=\dimen151
\adjbox@ptotalheight=\dimen152

(/usr/local/texlive/2022/texmf-dist/tex/latex/ifoddpage/ifoddpage.sty
Package: ifoddpage 2016/04/23 v1.1 Conditionals for odd/even page detection
\c@checkoddpage=\count194
)
(/usr/local/texlive/2022/texmf-dist/tex/latex/varwidth/varwidth.sty
Package: varwidth 2009/03/30 ver 0.92;  Variable-width minipages
\@vwid@box=\box51
\sift@deathcycles=\count195
\@vwid@loff=\dimen153
\@vwid@roff=\dimen154
))
(/usr/local/texlive/2022/texmf-dist/tex/latex/amsmath/amsmath.sty
Package: amsmath 2021/10/15 v2.17l AMS math features
\@mathmargin=\skip49

For additional information on amsmath, use the `?' option.
(/usr/local/texlive/2022/texmf-dist/tex/latex/amsmath/amstext.sty
Package: amstext 2021/08/26 v2.01 AMS text

(/usr/local/texlive/2022/texmf-dist/tex/latex/amsmath/amsgen.sty
File: amsgen.sty 1999/11/30 v2.0 generic functions
\@emptytoks=\toks18
\ex@=\dimen155
))
(/usr/local/texlive/2022/texmf-dist/tex/latex/amsmath/amsbsy.sty
Package: amsbsy 1999/11/29 v1.2d Bold Symbols
\pmbraise@=\dimen156
)
(/usr/local/texlive/2022/texmf-dist/tex/latex/amsmath/amsopn.sty
Package: amsopn 2021/08/26 v2.02 operator names
)
\inf@bad=\count196
LaTeX Info: Redefining \frac on input line 234.
\uproot@=\count197
\leftroot@=\count198
LaTeX Info: Redefining \overline on input line 399.
\classnum@=\count199
\DOTSCASE@=\count266
LaTeX Info: Redefining \ldots on input line 496.
LaTeX Info: Redefining \dots on input line 499.
LaTeX Info: Redefining \cdots on input line 620.
\Mathstrutbox@=\box52
\strutbox@=\box53
\big@size=\dimen157
LaTeX Font Info:    Redeclaring font encoding OML on input line 743.
LaTeX Font Info:    Redeclaring font encoding OMS on input line 744.
\macc@depth=\count267
\c@MaxMatrixCols=\count268
\dotsspace@=\muskip16
\c@parentequation=\count269
\dspbrk@lvl=\count270
\tag@help=\toks19
\row@=\count271
\column@=\count272
\maxfields@=\count273
\andhelp@=\toks20
\eqnshift@=\dimen158
\alignsep@=\dimen159
\tagshift@=\dimen160
\tagwidth@=\dimen161
\totwidth@=\dimen162
\lineht@=\dimen163
\@envbody=\toks21
\multlinegap=\skip50
\multlinetaggap=\skip51
\mathdisplay@stack=\toks22
LaTeX Info: Redefining \[ on input line 2938.
LaTeX Info: Redefining \] on input line 2939.
)
(/usr/local/texlive/2022/texmf-dist/tex/latex/amsfonts/amssymb.sty
Package: amssymb 2013/01/14 v3.01 AMS font symbols

(/usr/local/texlive/2022/texmf-dist/tex/latex/amsfonts/amsfonts.sty
Package: amsfonts 2013/01/14 v3.01 Basic AMSFonts support
\symAMSa=\mathgroup4
\symAMSb=\mathgroup5
LaTeX Font Info:    Redeclaring math symbol \hbar on input line 98.
LaTeX Font Info:    Overwriting math alphabet `\mathfrak' in version `bold'
(Font)                  U/euf/m/n --> U/euf/b/n on input line 106.
))
(/usr/local/texlive/2022/texmf-dist/tex/latex/dutchcal/dutchcal.sty
Package: dutchcal 2011/06/16 v1 U/dutchcal
LaTeX Font Info:    Redeclaring math alphabet \mathcal on input line 8.
LaTeX Font Info:    Overwriting math alphabet `\mathcal' in version `bold'
(Font)                  U/dutchcal/m/n --> U/dutchcal/b/n on input line 9.
)
(/usr/local/texlive/2022/texmf-dist/tex/latex/fancyhdr/fancyhdr.sty
Package: fancyhdr 2021/01/28 v4.0.1 Extensive control of page headers and foote
rs
\f@nch@headwidth=\skip52
\f@nch@O@elh=\skip53
\f@nch@O@erh=\skip54
\f@nch@O@olh=\skip55
\f@nch@O@orh=\skip56
\f@nch@O@elf=\skip57
\f@nch@O@erf=\skip58
\f@nch@O@olf=\skip59
\f@nch@O@orf=\skip60
)
(/usr/local/texlive/2022/texmf-dist/tex/latex/float/float.sty
Package: float 2001/11/08 v1.3d Float enhancements (AL)
\c@float@type=\count274
\float@exts=\toks23
\float@box=\box54
\@float@everytoks=\toks24
\@floatcapt=\box55
)
(/usr/local/texlive/2022/texmf-dist/tex/latex/base/fontenc.sty
Package: fontenc 2021/04/29 v2.0v Standard LaTeX package
)
(/usr/local/texlive/2022/texmf-dist/tex/latex/base/inputenc.sty
Package: inputenc 2021/02/14 v1.3d Input encoding file
\inpenc@prehook=\toks25
\inpenc@posthook=\toks26
)
(/usr/local/texlive/2022/texmf-dist/tex/latex/mathtools/mathtools.sty
Package: mathtools 2022/02/07 v1.28a mathematical typesetting tools

(/usr/local/texlive/2022/texmf-dist/tex/latex/tools/calc.sty
Package: calc 2017/05/25 v4.3 Infix arithmetic (KKT,FJ)
\calc@Acount=\count275
\calc@Bcount=\count276
\calc@Adimen=\dimen164
\calc@Bdimen=\dimen165
\calc@Askip=\skip61
\calc@Bskip=\skip62
LaTeX Info: Redefining \setlength on input line 80.
LaTeX Info: Redefining \addtolength on input line 81.
\calc@Ccount=\count277
\calc@Cskip=\skip63
)
(/usr/local/texlive/2022/texmf-dist/tex/latex/mathtools/mhsetup.sty
Package: mhsetup 2021/03/18 v1.4 programming setup (MH)
)
\g_MT_multlinerow_int=\count278
\l_MT_multwidth_dim=\dimen166
\origjot=\skip64
\l_MT_shortvdotswithinadjustabove_dim=\dimen167
\l_MT_shortvdotswithinadjustbelow_dim=\dimen168
\l_MT_above_intertext_sep=\dimen169
\l_MT_below_intertext_sep=\dimen170
\l_MT_above_shortintertext_sep=\dimen171
\l_MT_below_shortintertext_sep=\dimen172
\xmathstrut@box=\box56
\xmathstrut@dim=\dimen173
)
(/usr/local/texlive/2022/texmf-dist/tex/latex/tools/multicol.sty
Package: multicol 2021/10/28 v1.9b multicolumn formatting (FMi)
\c@tracingmulticols=\count279
\mult@box=\box57
\multicol@leftmargin=\dimen174
\c@unbalance=\count280
\c@collectmore=\count281
\doublecol@number=\count282
\multicoltolerance=\count283
\multicolpretolerance=\count284
\full@width=\dimen175
\page@free=\dimen176
\premulticols=\dimen177
\postmulticols=\dimen178
\multicolsep=\skip65
\multicolbaselineskip=\skip66
\partial@page=\box58
\last@line=\box59
\maxbalancingoverflow=\dimen179
\mult@rightbox=\box60
\mult@grightbox=\box61
\mult@firstbox=\box62
\mult@gfirstbox=\box63
\@tempa=\box64
\@tempa=\box65
\@tempa=\box66
\@tempa=\box67
\@tempa=\box68
\@tempa=\box69
\@tempa=\box70
\@tempa=\box71
\@tempa=\box72
\@tempa=\box73
\@tempa=\box74
\@tempa=\box75
\@tempa=\box76
\@tempa=\box77
\@tempa=\box78
\@tempa=\box79
\@tempa=\box80
\@tempa=\box81
\@tempa=\box82
\@tempa=\box83
\@tempa=\box84
\@tempa=\box85
\@tempa=\box86
\@tempa=\box87
\@tempa=\box88
\@tempa=\box89
\@tempa=\box90
\@tempa=\box91
\@tempa=\box92
\@tempa=\box93
\@tempa=\box94
\@tempa=\box95
\@tempa=\box96
\@tempa=\box97
\@tempa=\box98
\@tempa=\box99
\c@minrows=\count285
\c@columnbadness=\count286
\c@finalcolumnbadness=\count287
\last@try=\dimen180
\multicolovershoot=\dimen181
\multicolundershoot=\dimen182
\mult@nat@firstbox=\box100
\colbreak@box=\box101
\mc@col@check@num=\count288
)
(/usr/local/texlive/2022/texmf-dist/tex/latex/multirow/multirow.sty
Package: multirow 2021/03/15 v2.8 Span multiple rows of a table
\multirow@colwidth=\skip67
\multirow@cntb=\count289
\multirow@dima=\skip68
\bigstrutjot=\dimen183
)
(/usr/local/texlive/2022/texmf-dist/tex/latex/wasysym/wasysym.sty
Package: wasysym 2020/01/19 v2.4 Wasy-2 symbol support package
\symwasy=\mathgroup6
LaTeX Font Info:    Overwriting symbol font `wasy' in version `bold'
(Font)                  U/wasy/m/n --> U/wasy/b/n on input line 93.
)
(/usr/local/texlive/2022/texmf-dist/tex/latex/xcolor/xcolor.sty
Package: xcolor 2021/10/31 v2.13 LaTeX color extensions (UK)

(/usr/local/texlive/2022/texmf-dist/tex/latex/graphics-cfg/color.cfg
File: color.cfg 2016/01/02 v1.6 sample color configuration
)
Package xcolor Info: Driver file: pdftex.def on input line 227.
Package xcolor Info: Model `cmy' substituted by `cmy0' on input line 1352.
Package xcolor Info: Model `hsb' substituted by `rgb' on input line 1356.
Package xcolor Info: Model `RGB' extended on input line 1368.
Package xcolor Info: Model `HTML' substituted by `rgb' on input line 1370.
Package xcolor Info: Model `Hsb' substituted by `hsb' on input line 1371.
Package xcolor Info: Model `tHsb' substituted by `hsb' on input line 1372.
Package xcolor Info: Model `HSB' substituted by `hsb' on input line 1373.
Package xcolor Info: Model `Gray' substituted by `gray' on input line 1374.
Package xcolor Info: Model `wave' substituted by `hsb' on input line 1375.

(/usr/local/texlive/2022/texmf-dist/tex/latex/xcolor/svgnam.def
File: svgnam.def 2021/10/31 v2.13 Predefined colors according to SVG 1.1 (UK)
))
(/usr/local/texlive/2022/texmf-dist/tex/latex/xurl/xurl.sty
Package: xurl 2022/01/09 v 0.10 modify URL breaks

(/usr/local/texlive/2022/texmf-dist/tex/latex/url/url.sty
\Urlmuskip=\muskip17
Package: url 2013/09/16  ver 3.4  Verb mode for urls, etc.
))
(/usr/local/texlive/2022/texmf-dist/tex/latex/hyperref/hyperref.sty
Package: hyperref 2022-02-21 v7.00n Hypertext links for LaTeX

(/usr/local/texlive/2022/texmf-dist/tex/generic/ltxcmds/ltxcmds.sty
Package: ltxcmds 2020-05-10 v1.25 LaTeX kernel commands for general use (HO)
)
(/usr/local/texlive/2022/texmf-dist/tex/generic/iftex/iftex.sty
Package: iftex 2022/02/03 v1.0f TeX engine tests
)
(/usr/local/texlive/2022/texmf-dist/tex/generic/pdftexcmds/pdftexcmds.sty
Package: pdftexcmds 2020-06-27 v0.33 Utility functions of pdfTeX for LuaTeX (HO
)

(/usr/local/texlive/2022/texmf-dist/tex/generic/infwarerr/infwarerr.sty
Package: infwarerr 2019/12/03 v1.5 Providing info/warning/error messages (HO)
)
Package pdftexcmds Info: \pdf@primitive is available.
Package pdftexcmds Info: \pdf@ifprimitive is available.
Package pdftexcmds Info: \pdfdraftmode found.
)
(/usr/local/texlive/2022/texmf-dist/tex/generic/kvsetkeys/kvsetkeys.sty
Package: kvsetkeys 2019/12/15 v1.18 Key value parser (HO)
)
(/usr/local/texlive/2022/texmf-dist/tex/generic/kvdefinekeys/kvdefinekeys.sty
Package: kvdefinekeys 2019-12-19 v1.6 Define keys (HO)
)
(/usr/local/texlive/2022/texmf-dist/tex/generic/pdfescape/pdfescape.sty
Package: pdfescape 2019/12/09 v1.15 Implements pdfTeX's escape features (HO)
)
(/usr/local/texlive/2022/texmf-dist/tex/latex/hycolor/hycolor.sty
Package: hycolor 2020-01-27 v1.10 Color options for hyperref/bookmark (HO)
)
(/usr/local/texlive/2022/texmf-dist/tex/latex/letltxmacro/letltxmacro.sty
Package: letltxmacro 2019/12/03 v1.6 Let assignment for LaTeX macros (HO)
)
(/usr/local/texlive/2022/texmf-dist/tex/latex/auxhook/auxhook.sty
Package: auxhook 2019-12-17 v1.6 Hooks for auxiliary files (HO)
)
(/usr/local/texlive/2022/texmf-dist/tex/latex/kvoptions/kvoptions.sty
Package: kvoptions 2020-10-07 v3.14 Key value format for package options (HO)
)
\@linkdim=\dimen184
\Hy@linkcounter=\count290
\Hy@pagecounter=\count291

(/usr/local/texlive/2022/texmf-dist/tex/latex/hyperref/pd1enc.def
File: pd1enc.def 2022-02-21 v7.00n Hyperref: PDFDocEncoding definition (HO)
Now handling font encoding PD1 ...
... no UTF-8 mapping file for font encoding PD1
)
(/usr/local/texlive/2022/texmf-dist/tex/generic/intcalc/intcalc.sty
Package: intcalc 2019/12/15 v1.3 Expandable calculations with integers (HO)
)
(/usr/local/texlive/2022/texmf-dist/tex/generic/etexcmds/etexcmds.sty
Package: etexcmds 2019/12/15 v1.7 Avoid name clashes with e-TeX commands (HO)
)
\Hy@SavedSpaceFactor=\count292

(/usr/local/texlive/2022/texmf-dist/tex/latex/hyperref/puenc.def
File: puenc.def 2022-02-21 v7.00n Hyperref: PDF Unicode definition (HO)
Now handling font encoding PU ...
... no UTF-8 mapping file for font encoding PU
)
Package hyperref Info: Hyper figures OFF on input line 4137.
Package hyperref Info: Link nesting OFF on input line 4142.
Package hyperref Info: Hyper index ON on input line 4145.
Package hyperref Info: Plain pages OFF on input line 4152.
Package hyperref Info: Backreferencing OFF on input line 4157.
Package hyperref Info: Implicit mode ON; LaTeX internals redefined.
Package hyperref Info: Bookmarks ON on input line 4390.
\c@Hy@tempcnt=\count293
LaTeX Info: Redefining \url on input line 4749.
\XeTeXLinkMargin=\dimen185

(/usr/local/texlive/2022/texmf-dist/tex/generic/bitset/bitset.sty
Package: bitset 2019/12/09 v1.3 Handle bit-vector datatype (HO)

(/usr/local/texlive/2022/texmf-dist/tex/generic/bigintcalc/bigintcalc.sty
Package: bigintcalc 2019/12/15 v1.5 Expandable calculations on big integers (HO
)
))
\Fld@menulength=\count294
\Field@Width=\dimen186
\Fld@charsize=\dimen187
Package hyperref Info: Hyper figures OFF on input line 6027.
Package hyperref Info: Link nesting OFF on input line 6032.
Package hyperref Info: Hyper index ON on input line 6035.
Package hyperref Info: backreferencing OFF on input line 6042.
Package hyperref Info: Link coloring OFF on input line 6047.
Package hyperref Info: Link coloring with OCG OFF on input line 6052.
Package hyperref Info: PDF/A mode OFF on input line 6057.
LaTeX Info: Redefining \ref on input line 6097.
LaTeX Info: Redefining \pageref on input line 6101.

(/usr/local/texlive/2022/texmf-dist/tex/latex/base/atbegshi-ltx.sty
Package: atbegshi-ltx 2021/01/10 v1.0c Emulation of the original atbegshi
package with kernel methods
)
\Hy@abspage=\count295
\c@Item=\count296
\c@Hfootnote=\count297
)
Package hyperref Info: Driver (autodetected): hpdftex.

(/usr/local/texlive/2022/texmf-dist/tex/latex/hyperref/hpdftex.def
File: hpdftex.def 2022-02-21 v7.00n Hyperref driver for pdfTeX

(/usr/local/texlive/2022/texmf-dist/tex/latex/base/atveryend-ltx.sty
Package: atveryend-ltx 2020/08/19 v1.0a Emulation of the original atveryend pac
kage
with kernel methods
)
\Fld@listcount=\count298
\c@bookmark@seq@number=\count299

(/usr/local/texlive/2022/texmf-dist/tex/latex/rerunfilecheck/rerunfilecheck.sty
Package: rerunfilecheck 2019/12/05 v1.9 Rerun checks for auxiliary files (HO)

(/usr/local/texlive/2022/texmf-dist/tex/generic/uniquecounter/uniquecounter.sty
Package: uniquecounter 2019/12/15 v1.4 Provide unlimited unique counter (HO)
)
Package uniquecounter Info: New unique counter `rerunfilecheck' on input line 2
86.
)
\Hy@SectionHShift=\skip69
) (/usr/local/texlive/2022/texmf-dist/tex/latex/mdframed/mdframed.sty
Package: mdframed 2013/07/01 1.9b: mdframed

(/usr/local/texlive/2022/texmf-dist/tex/latex/l3packages/xparse/xparse.sty
(/usr/local/texlive/2022/texmf-dist/tex/latex/l3kernel/expl3.sty
Package: expl3 2022-02-24 L3 programming layer (loader) 

(/usr/local/texlive/2022/texmf-dist/tex/latex/l3backend/l3backend-pdftex.def
File: l3backend-pdftex.def 2022-02-07 L3 backend support: PDF output (pdfTeX)
\l__color_backend_stack_int=\count300
\l__pdf_internal_box=\box102
))
Package: xparse 2022-01-12 L3 Experimental document command parser
) (/usr/local/texlive/2022/texmf-dist/tex/latex/etoolbox/etoolbox.sty
Package: etoolbox 2020/10/05 v2.5k e-TeX tools for LaTeX (JAW)
\etb@tempcnta=\count301
)
(/usr/local/texlive/2022/texmf-dist/tex/latex/zref/zref-abspage.sty
Package: zref-abspage 2020-07-03 v2.32 Module abspage for zref (HO)

(/usr/local/texlive/2022/texmf-dist/tex/latex/zref/zref-base.sty
Package: zref-base 2020-07-03 v2.32 Module base for zref (HO)
Package zref Info: New property list: main on input line 764.
Package zref Info: New property: default on input line 765.
Package zref Info: New property: page on input line 766.
)
\c@abspage=\count302
Package zref Info: New property: abspage on input line 66.
)
(/usr/local/texlive/2022/texmf-dist/tex/latex/needspace/needspace.sty
Package: needspace 2010/09/12 v1.3d reserve vertical space
)
\mdf@templength=\skip70
\c@mdf@globalstyle@cnt=\count303
\mdf@skipabove@length=\skip71
\mdf@skipbelow@length=\skip72
\mdf@leftmargin@length=\skip73
\mdf@rightmargin@length=\skip74
\mdf@innerleftmargin@length=\skip75
\mdf@innerrightmargin@length=\skip76
\mdf@innertopmargin@length=\skip77
\mdf@innerbottommargin@length=\skip78
\mdf@splittopskip@length=\skip79
\mdf@splitbottomskip@length=\skip80
\mdf@outermargin@length=\skip81
\mdf@innermargin@length=\skip82
\mdf@linewidth@length=\skip83
\mdf@innerlinewidth@length=\skip84
\mdf@middlelinewidth@length=\skip85
\mdf@outerlinewidth@length=\skip86
\mdf@roundcorner@length=\skip87
\mdf@footenotedistance@length=\skip88
\mdf@userdefinedwidth@length=\skip89
\mdf@needspace@length=\skip90
\mdf@frametitleaboveskip@length=\skip91
\mdf@frametitlebelowskip@length=\skip92
\mdf@frametitlerulewidth@length=\skip93
\mdf@frametitleleftmargin@length=\skip94
\mdf@frametitlerightmargin@length=\skip95
\mdf@shadowsize@length=\skip96
\mdf@extratopheight@length=\skip97
\mdf@subtitleabovelinewidth@length=\skip98
\mdf@subtitlebelowlinewidth@length=\skip99
\mdf@subtitleaboveskip@length=\skip100
\mdf@subtitlebelowskip@length=\skip101
\mdf@subtitleinneraboveskip@length=\skip102
\mdf@subtitleinnerbelowskip@length=\skip103
\mdf@subsubtitleabovelinewidth@length=\skip104
\mdf@subsubtitlebelowlinewidth@length=\skip105
\mdf@subsubtitleaboveskip@length=\skip106
\mdf@subsubtitlebelowskip@length=\skip107
\mdf@subsubtitleinneraboveskip@length=\skip108
\mdf@subsubtitleinnerbelowskip@length=\skip109

(/usr/local/texlive/2022/texmf-dist/tex/latex/mdframed/md-frame-0.mdf
File: md-frame-0.mdf 2013/07/01\ 1.9b: md-frame-0
)
\mdf@frametitlebox=\box103
\mdf@footnotebox=\box104
\mdf@splitbox@one=\box105
\mdf@splitbox@two=\box106
\mdf@splitbox@save=\box107
\mdfsplitboxwidth=\skip110
\mdfsplitboxtotalwidth=\skip111
\mdfsplitboxheight=\skip112
\mdfsplitboxdepth=\skip113
\mdfsplitboxtotalheight=\skip114
\mdfframetitleboxwidth=\skip115
\mdfframetitleboxtotalwidth=\skip116
\mdfframetitleboxheight=\skip117
\mdfframetitleboxdepth=\skip118
\mdfframetitleboxtotalheight=\skip119
\mdffootnoteboxwidth=\skip120
\mdffootnoteboxtotalwidth=\skip121
\mdffootnoteboxheight=\skip122
\mdffootnoteboxdepth=\skip123
\mdffootnoteboxtotalheight=\skip124
\mdftotallinewidth=\skip125
\mdfboundingboxwidth=\skip126
\mdfboundingboxtotalwidth=\skip127
\mdfboundingboxheight=\skip128
\mdfboundingboxdepth=\skip129
\mdfboundingboxtotalheight=\skip130
\mdf@freevspace@length=\skip131
\mdf@horizontalwidthofbox@length=\skip132
\mdf@verticalmarginwhole@length=\skip133
\mdf@horizontalspaceofbox=\skip134
\mdfsubtitleheight=\skip135
\mdfsubsubtitleheight=\skip136
\c@mdfcountframes=\count304

****** mdframed patching \endmdf@trivlist

****** -- success******

\mdf@envdepth=\count305
\c@mdf@env@i=\count306
\c@mdf@env@ii=\count307
\c@mdf@zref@counter=\count308
Package zref Info: New property: mdf@pagevalue on input line 895.
)
\c@definition=\count309


LaTeX Warning: Unused global option(s):
    [a4].

(./ae.aux)
\openout1 = `ae.aux'.

LaTeX Font Info:    Checking defaults for OML/cmm/m/it on input line 46.
LaTeX Font Info:    ... okay on input line 46.
LaTeX Font Info:    Checking defaults for OMS/cmsy/m/n on input line 46.
LaTeX Font Info:    ... okay on input line 46.
LaTeX Font Info:    Checking defaults for OT1/cmr/m/n on input line 46.
LaTeX Font Info:    ... okay on input line 46.
LaTeX Font Info:    Checking defaults for T1/cmr/m/n on input line 46.
LaTeX Font Info:    ... okay on input line 46.
LaTeX Font Info:    Checking defaults for TS1/cmr/m/n on input line 46.
LaTeX Font Info:    ... okay on input line 46.
LaTeX Font Info:    Checking defaults for OMX/cmex/m/n on input line 46.
LaTeX Font Info:    ... okay on input line 46.
LaTeX Font Info:    Checking defaults for U/cmr/m/n on input line 46.
LaTeX Font Info:    ... okay on input line 46.
LaTeX Font Info:    Checking defaults for PD1/pdf/m/n on input line 46.
LaTeX Font Info:    ... okay on input line 46.
LaTeX Font Info:    Checking defaults for PU/pdf/m/n on input line 46.
LaTeX Font Info:    ... okay on input line 46.

(/usr/local/texlive/2022/texmf-dist/tex/context/base/mkii/supp-pdf.mkii
[Loading MPS to PDF converter (version 2006.09.02).]
\scratchcounter=\count310
\scratchdimen=\dimen188
\scratchbox=\box108
\nofMPsegments=\count311
\nofMParguments=\count312
\everyMPshowfont=\toks27
\MPscratchCnt=\count313
\MPscratchDim=\dimen189
\MPnumerator=\count314
\makeMPintoPDFobject=\count315
\everyMPtoPDFconversion=\toks28
) (/usr/local/texlive/2022/texmf-dist/tex/latex/epstopdf-pkg/epstopdf-base.sty
Package: epstopdf-base 2020-01-24 v2.11 Base part for package epstopdf
Package epstopdf-base Info: Redefining graphics rule for `.eps' on input line 4
85.

(/usr/local/texlive/2022/texmf-dist/tex/latex/latexconfig/epstopdf-sys.cfg
File: epstopdf-sys.cfg 2010/07/13 v1.3 Configuration of (r)epstopdf for TeX Liv
e
))
Package hyperref Info: Link coloring OFF on input line 46.

(/usr/local/texlive/2022/texmf-dist/tex/latex/hyperref/nameref.sty
Package: nameref 2021-04-02 v2.47 Cross-referencing by name of section

(/usr/local/texlive/2022/texmf-dist/tex/latex/refcount/refcount.sty
Package: refcount 2019/12/15 v3.6 Data extraction from label references (HO)
)
(/usr/local/texlive/2022/texmf-dist/tex/generic/gettitlestring/gettitlestring.s
ty
Package: gettitlestring 2019/12/15 v1.6 Cleanup title references (HO)
)
\c@section@level=\count316
)
LaTeX Info: Redefining \ref on input line 46.
LaTeX Info: Redefining \pageref on input line 46.
LaTeX Info: Redefining \nameref on input line 46.
 (./ae.out) (./ae.out)
\@outlinefile=\write3
\openout3 = `ae.out'.

LaTeX Font Info:    Trying to load font information for U+msa on input line 48.


(/usr/local/texlive/2022/texmf-dist/tex/latex/amsfonts/umsa.fd
File: umsa.fd 2013/01/14 v3.01 AMS symbols A
)
LaTeX Font Info:    Trying to load font information for U+msb on input line 48.


(/usr/local/texlive/2022/texmf-dist/tex/latex/amsfonts/umsb.fd
File: umsb.fd 2013/01/14 v3.01 AMS symbols B
)
LaTeX Font Info:    Trying to load font information for U+wasy on input line 48
.

(/usr/local/texlive/2022/texmf-dist/tex/latex/wasysym/uwasy.fd
File: uwasy.fd 2020/01/19 v2.4 Wasy-2 symbol font definitions
)
<toelt_logo.png, id=92, 1339.0025pt x 296.10625pt>
File: toelt_logo.png Graphic file (type png)
<use toelt_logo.png>
Package pdftex.def Info: toelt_logo.png  used on input line 48.
(pdftex.def)             Requested size: 56.9055pt x 12.5832pt.
 [1

{/usr/local/texlive/2022/texmf-var/fonts/map/pdftex/updmap/pdftex.map} <./toelt
_logo.png>]
LaTeX Font Info:    Trying to load font information for T1+cmtt on input line 8
2.

(/usr/local/texlive/2022/texmf-dist/tex/latex/base/t1cmtt.fd
File: t1cmtt.fd 2019/12/16 v2.5j Standard LaTeX font definitions
)
<./images/image3.png, id=123, 713.66624pt x 193.72375pt>
File: ./images/image3.png Graphic file (type png)
<use ./images/image3.png>
Package pdftex.def Info: ./images/image3.png  used on input line 90.
(pdftex.def)             Requested size: 358.79237pt x 112.9599pt.
File: toelt_logo.png Graphic file (type png)
<use toelt_logo.png>
Package pdftex.def Info: toelt_logo.png  used on input line 100.
(pdftex.def)             Requested size: 56.9055pt x 12.5832pt.


Package fancyhdr Warning: \headheight is too small (12.0pt): 
(fancyhdr)                Make it at least 16.93324pt, for example:
(fancyhdr)                \setlength{\headheight}{16.93324pt}.
(fancyhdr)                You might also make \topmargin smaller to compensate:

(fancyhdr)                \addtolength{\topmargin}{-4.93324pt}.

[2]
File: toelt_logo.png Graphic file (type png)
<use toelt_logo.png>
Package pdftex.def Info: toelt_logo.png  used on input line 113.
(pdftex.def)             Requested size: 56.9055pt x 12.5832pt.


Package fancyhdr Warning: \headheight is too small (12.0pt): 
(fancyhdr)                Make it at least 16.93324pt, for example:
(fancyhdr)                \setlength{\headheight}{16.93324pt}.
(fancyhdr)                You might also make \topmargin smaller to compensate:

(fancyhdr)                \addtolength{\topmargin}{-4.93324pt}.

[3 <./images/image3.png>]
LaTeX Font Info:    Trying to load font information for U+dutchcal on input lin
e 121.

(/usr/local/texlive/2022/texmf-dist/tex/latex/dutchcal/udutchcal.fd
File: udutchcal.fd 2011/06/16 Fontinst v1.933 font definitions for U/dutchcal.
)
LaTeX Font Info:    Font shape `U/dutchcal/m/n' will be
(Font)              scaled to size 12.0pt on input line 121.
LaTeX Font Info:    Font shape `U/dutchcal/m/n' will be
(Font)              scaled to size 8.0pt on input line 121.
LaTeX Font Info:    Font shape `U/dutchcal/m/n' will be
(Font)              scaled to size 6.0pt on input line 121.
LaTeX Font Info:    Font shape `U/dutchcal/m/n' will be
(Font)              scaled to size 10.0pt on input line 125.
LaTeX Font Info:    Font shape `U/dutchcal/m/n' will be
(Font)              scaled to size 7.0pt on input line 125.
LaTeX Font Info:    Font shape `U/dutchcal/m/n' will be
(Font)              scaled to size 5.0pt on input line 125.
<./images/image4.pdf, id=153, 532.99126pt x 330.23375pt>
File: ./images/image4.pdf Graphic file (type pdf)
<use ./images/image4.pdf>
Package pdftex.def Info: ./images/image4.pdf  used on input line 135.
(pdftex.def)             Requested size: 358.5174pt x 223.36172pt.
File: toelt_logo.png Graphic file (type png)
<use toelt_logo.png>
Package pdftex.def Info: toelt_logo.png  used on input line 138.
(pdftex.def)             Requested size: 56.9055pt x 12.5832pt.


Package fancyhdr Warning: \headheight is too small (12.0pt): 
(fancyhdr)                Make it at least 16.93324pt, for example:
(fancyhdr)                \setlength{\headheight}{16.93324pt}.
(fancyhdr)                You might also make \topmargin smaller to compensate:

(fancyhdr)                \addtolength{\topmargin}{-4.93324pt}.

[4]
File: toelt_logo.png Graphic file (type png)
<use toelt_logo.png>
Package pdftex.def Info: toelt_logo.png  used on input line 144.
(pdftex.def)             Requested size: 56.9055pt x 12.5832pt.


Package fancyhdr Warning: \headheight is too small (12.0pt): 
(fancyhdr)                Make it at least 16.93324pt, for example:
(fancyhdr)                \setlength{\headheight}{16.93324pt}.
(fancyhdr)                You might also make \topmargin smaller to compensate:

(fancyhdr)                \addtolength{\topmargin}{-4.93324pt}.

[5 <./images/image4.pdf>]
File: toelt_logo.png Graphic file (type png)
<use toelt_logo.png>
Package pdftex.def Info: toelt_logo.png  used on input line 164.
(pdftex.def)             Requested size: 56.9055pt x 12.5832pt.


Package fancyhdr Warning: \headheight is too small (12.0pt): 
(fancyhdr)                Make it at least 16.93324pt, for example:
(fancyhdr)                \setlength{\headheight}{16.93324pt}.
(fancyhdr)                You might also make \topmargin smaller to compensate:

(fancyhdr)                \addtolength{\topmargin}{-4.93324pt}.

[6]
Package mdframed Info: Not enough space on this page on input line 164.
File: toelt_logo.png Graphic file (type png)
<use toelt_logo.png>
Package pdftex.def Info: toelt_logo.png  used on input line 194.
(pdftex.def)             Requested size: 56.9055pt x 12.5832pt.


Package fancyhdr Warning: \headheight is too small (12.0pt): 
(fancyhdr)                Make it at least 16.93324pt, for example:
(fancyhdr)                \setlength{\headheight}{16.93324pt}.
(fancyhdr)                You might also make \topmargin smaller to compensate:

(fancyhdr)                \addtolength{\topmargin}{-4.93324pt}.

[7]
File: toelt_logo.png Graphic file (type png)
<use toelt_logo.png>
Package pdftex.def Info: toelt_logo.png  used on input line 227.
(pdftex.def)             Requested size: 56.9055pt x 12.5832pt.


Package fancyhdr Warning: \headheight is too small (12.0pt): 
(fancyhdr)                Make it at least 16.93324pt, for example:
(fancyhdr)                \setlength{\headheight}{16.93324pt}.
(fancyhdr)                You might also make \topmargin smaller to compensate:

(fancyhdr)                \addtolength{\topmargin}{-4.93324pt}.

[8]
File: toelt_logo.png Graphic file (type png)
<use toelt_logo.png>
Package pdftex.def Info: toelt_logo.png  used on input line 251.
(pdftex.def)             Requested size: 56.9055pt x 12.5832pt.


Package fancyhdr Warning: \headheight is too small (12.0pt): 
(fancyhdr)                Make it at least 16.93324pt, for example:
(fancyhdr)                \setlength{\headheight}{16.93324pt}.
(fancyhdr)                You might also make \topmargin smaller to compensate:

(fancyhdr)                \addtolength{\topmargin}{-4.93324pt}.

[9]

Package mdframed Warning: You got a bad break
(mdframed)                because the last box will be empty
(mdframed)                you have to change it manually
(mdframed)                by changing the text, the space
(mdframed)                or something else on input line 279.

Package mdframed Info: You first box width is to small
 mdframed fixed it
(mdframed)              on input line 279.
File: toelt_logo.png Graphic file (type png)
<use toelt_logo.png>
Package pdftex.def Info: toelt_logo.png  used on input line 279.
(pdftex.def)             Requested size: 56.9055pt x 12.5832pt.

Package fancyhdr Warning: \headheight is too small (12.0pt): 
(fancyhdr)                Make it at least 16.93324pt, for example:
(fancyhdr)                \setlength{\headheight}{16.93324pt}.
(fancyhdr)                You might also make \topmargin smaller to compensate:

(fancyhdr)                \addtolength{\topmargin}{-4.93324pt}.

[10]

Package mdframed Warning: You got a bad break
(mdframed)                because the last split box is empty
(mdframed)                You have to change the settings on input line 279.

<./images/image5.png, id=224, 288.0945pt x 260.829pt>
File: ./images/image5.png Graphic file (type png)
<use ./images/image5.png>
Package pdftex.def Info: ./images/image5.png  used on input line 295.
(pdftex.def)             Requested size: 287.93991pt x 260.64128pt.
<./images/image6.png, id=231, 1445.4pt x 289.08pt>
File: ./images/image6.png Graphic file (type png)
<use ./images/image6.png>
Package pdftex.def Info: ./images/image6.png  used on input line 309.
(pdftex.def)             Requested size: 358.79074pt x 83.08118pt.
<./images/image7.png, id=233, 1445.4pt x 289.08pt>
File: ./images/image7.png Graphic file (type png)
<use ./images/image7.png>
Package pdftex.def Info: ./images/image7.png  used on input line 316.
(pdftex.def)             Requested size: 358.79074pt x 83.08118pt.
File: toelt_logo.png Graphic file (type png)
<use toelt_logo.png>
Package pdftex.def Info: toelt_logo.png  used on input line 318.
(pdftex.def)             Requested size: 56.9055pt x 12.5832pt.

Package fancyhdr Warning: \headheight is too small (12.0pt): 
(fancyhdr)                Make it at least 16.93324pt, for example:
(fancyhdr)                \setlength{\headheight}{16.93324pt}.
(fancyhdr)                You might also make \topmargin smaller to compensate:

(fancyhdr)                \addtolength{\topmargin}{-4.93324pt}.

[11]
File: toelt_logo.png Graphic file (type png)
<use toelt_logo.png>
Package pdftex.def Info: toelt_logo.png  used on input line 320.
(pdftex.def)             Requested size: 56.9055pt x 12.5832pt.


Package fancyhdr Warning: \headheight is too small (12.0pt): 
(fancyhdr)                Make it at least 16.93324pt, for example:
(fancyhdr)                \setlength{\headheight}{16.93324pt}.
(fancyhdr)                You might also make \topmargin smaller to compensate:

(fancyhdr)                \addtolength{\topmargin}{-4.93324pt}.

[12 <./images/image5.png> <./images/image7.png>]
<./images/image8.png, id=253, 1445.4pt x 289.08pt>
File: ./images/image8.png Graphic file (type png)
<use ./images/image8.png>
Package pdftex.def Info: ./images/image8.png  used on input line 326.
(pdftex.def)             Requested size: 358.79074pt x 83.08118pt.
<./images/image9.pdf, id=255, 538.01pt x 162.6075pt>
File: ./images/image9.pdf Graphic file (type pdf)
<use ./images/image9.pdf>
Package pdftex.def Info: ./images/image9.pdf  used on input line 333.
(pdftex.def)             Requested size: 358.79012pt x 124.05688pt.
File: toelt_logo.png Graphic file (type png)
<use toelt_logo.png>
Package pdftex.def Info: toelt_logo.png  used on input line 337.
(pdftex.def)             Requested size: 56.9055pt x 12.5832pt.


Package fancyhdr Warning: \headheight is too small (12.0pt): 
(fancyhdr)                Make it at least 16.93324pt, for example:
(fancyhdr)                \setlength{\headheight}{16.93324pt}.
(fancyhdr)                You might also make \topmargin smaller to compensate:

(fancyhdr)                \addtolength{\topmargin}{-4.93324pt}.

[13 <./images/image6.png> <./images/image8.png>]
<./images/image10.png, id=267, 454.3155pt x 75.555pt>
File: ./images/image10.png Graphic file (type png)
<use ./images/image10.png>
Package pdftex.def Info: ./images/image10.png  used on input line 343.
(pdftex.def)             Requested size: 358.5049pt x 59.62091pt.
File: toelt_logo.png Graphic file (type png)
<use toelt_logo.png>
Package pdftex.def Info: toelt_logo.png  used on input line 352.
(pdftex.def)             Requested size: 56.9055pt x 12.5832pt.


Package fancyhdr Warning: \headheight is too small (12.0pt): 
(fancyhdr)                Make it at least 16.93324pt, for example:
(fancyhdr)                \setlength{\headheight}{16.93324pt}.
(fancyhdr)                You might also make \topmargin smaller to compensate:

(fancyhdr)                \addtolength{\topmargin}{-4.93324pt}.

[14 <./images/image9.pdf> <./images/image10.png>]
File: toelt_logo.png Graphic file (type png)
<use toelt_logo.png>
Package pdftex.def Info: toelt_logo.png  used on input line 361.
(pdftex.def)             Requested size: 56.9055pt x 12.5832pt.


Package fancyhdr Warning: \headheight is too small (12.0pt): 
(fancyhdr)                Make it at least 16.93324pt, for example:
(fancyhdr)                \setlength{\headheight}{16.93324pt}.
(fancyhdr)                You might also make \topmargin smaller to compensate:

(fancyhdr)                \addtolength{\topmargin}{-4.93324pt}.

[15]
File: toelt_logo.png Graphic file (type png)
<use toelt_logo.png>
Package pdftex.def Info: toelt_logo.png  used on input line 427.
(pdftex.def)             Requested size: 56.9055pt x 12.5832pt.


Package fancyhdr Warning: \headheight is too small (12.0pt): 
(fancyhdr)                Make it at least 16.93324pt, for example:
(fancyhdr)                \setlength{\headheight}{16.93324pt}.
(fancyhdr)                You might also make \topmargin smaller to compensate:

(fancyhdr)                \addtolength{\topmargin}{-4.93324pt}.

[16]
File: toelt_logo.png Graphic file (type png)
<use toelt_logo.png>
Package pdftex.def Info: toelt_logo.png  used on input line 433.
(pdftex.def)             Requested size: 56.9055pt x 12.5832pt.


Package fancyhdr Warning: \headheight is too small (12.0pt): 
(fancyhdr)                Make it at least 16.93324pt, for example:
(fancyhdr)                \setlength{\headheight}{16.93324pt}.
(fancyhdr)                You might also make \topmargin smaller to compensate:

(fancyhdr)                \addtolength{\topmargin}{-4.93324pt}.

[17]
Package mdframed Info: Not enough space on this page on input line 483.
File: toelt_logo.png Graphic file (type png)
<use toelt_logo.png>
Package pdftex.def Info: toelt_logo.png  used on input line 483.
(pdftex.def)             Requested size: 56.9055pt x 12.5832pt.


Package fancyhdr Warning: \headheight is too small (12.0pt): 
(fancyhdr)                Make it at least 16.93324pt, for example:
(fancyhdr)                \setlength{\headheight}{16.93324pt}.
(fancyhdr)                You might also make \topmargin smaller to compensate:

(fancyhdr)                \addtolength{\topmargin}{-4.93324pt}.

[18]
Package mdframed Info: Not enough space on this page on input line 483.
<./images/image11.png, id=350, 232.87pt x 231.86626pt>
File: ./images/image11.png Graphic file (type png)
<use ./images/image11.png>
Package pdftex.def Info: ./images/image11.png  used on input line 489.
(pdftex.def)             Requested size: 187.2272pt x 186.6537pt.
File: toelt_logo.png Graphic file (type png)
<use toelt_logo.png>
Package pdftex.def Info: toelt_logo.png  used on input line 494.
(pdftex.def)             Requested size: 56.9055pt x 12.5832pt.


Package fancyhdr Warning: \headheight is too small (12.0pt): 
(fancyhdr)                Make it at least 16.93324pt, for example:
(fancyhdr)                \setlength{\headheight}{16.93324pt}.
(fancyhdr)                You might also make \topmargin smaller to compensate:

(fancyhdr)                \addtolength{\topmargin}{-4.93324pt}.

[19 <./images/image11.png>]
<./images/image12.png, id=360, 415.224pt x 199.728pt>
File: ./images/image12.png Graphic file (type png)
<use ./images/image12.png>
Package pdftex.def Info: ./images/image12.png  used on input line 500.
(pdftex.def)             Requested size: 358.79pt x 199.74577pt.
<./images/image13.png, id=362, 416.2095pt x 202.0275pt>
File: ./images/image13.png Graphic file (type png)
<use ./images/image13.png>
Package pdftex.def Info: ./images/image13.png  used on input line 506.
(pdftex.def)             Requested size: 358.80325pt x 201.7403pt.
File: toelt_logo.png Graphic file (type png)
<use toelt_logo.png>
Package pdftex.def Info: toelt_logo.png  used on input line 510.
(pdftex.def)             Requested size: 56.9055pt x 12.5832pt.


Package fancyhdr Warning: \headheight is too small (12.0pt): 
(fancyhdr)                Make it at least 16.93324pt, for example:
(fancyhdr)                \setlength{\headheight}{16.93324pt}.
(fancyhdr)                You might also make \topmargin smaller to compensate:

(fancyhdr)                \addtolength{\topmargin}{-4.93324pt}.

[20 <./images/image12.png>]
File: toelt_logo.png Graphic file (type png)
<use toelt_logo.png>
Package pdftex.def Info: toelt_logo.png  used on input line 521.
(pdftex.def)             Requested size: 56.9055pt x 12.5832pt.


Package fancyhdr Warning: \headheight is too small (12.0pt): 
(fancyhdr)                Make it at least 16.93324pt, for example:
(fancyhdr)                \setlength{\headheight}{16.93324pt}.
(fancyhdr)                You might also make \topmargin smaller to compensate:

(fancyhdr)                \addtolength{\topmargin}{-4.93324pt}.

[21 <./images/image13.png>]
<./images/image14.png, id=381, 704.6325pt x 690.58pt>
File: ./images/image14.png Graphic file (type png)
<use ./images/image14.png>
Package pdftex.def Info: ./images/image14.png  used on input line 539.
(pdftex.def)             Requested size: 345.98257pt x 339.15639pt.
File: toelt_logo.png Graphic file (type png)
<use toelt_logo.png>
Package pdftex.def Info: toelt_logo.png  used on input line 542.
(pdftex.def)             Requested size: 56.9055pt x 12.5832pt.


Package fancyhdr Warning: \headheight is too small (12.0pt): 
(fancyhdr)                Make it at least 16.93324pt, for example:
(fancyhdr)                \setlength{\headheight}{16.93324pt}.
(fancyhdr)                You might also make \topmargin smaller to compensate:

(fancyhdr)                \addtolength{\topmargin}{-4.93324pt}.

[22]
<./images/image15.png, id=390, 941.5175pt x 470.75874pt>
File: ./images/image15.png Graphic file (type png)
<use ./images/image15.png>
Package pdftex.def Info: ./images/image15.png  used on input line 549.
(pdftex.def)             Requested size: 358.78601pt x 207.70195pt.

Underfull \hbox (badness 1490) in paragraph at lines 550--550
[]\T1/cmr/m/n/12 Figure 13: []Comparison of the re-sults of a FAA (with ar-chi-
tec-ture
 []

File: toelt_logo.png Graphic file (type png)
<use toelt_logo.png>
Package pdftex.def Info: toelt_logo.png  used on input line 552.
(pdftex.def)             Requested size: 56.9055pt x 12.5832pt.

Package fancyhdr Warning: \headheight is too small (12.0pt): 
(fancyhdr)                Make it at least 16.93324pt, for example:
(fancyhdr)                \setlength{\headheight}{16.93324pt}.
(fancyhdr)                You might also make \topmargin smaller to compensate:

(fancyhdr)                \addtolength{\topmargin}{-4.93324pt}.

[23]
File: toelt_logo.png Graphic file (type png)
<use toelt_logo.png>
Package pdftex.def Info: toelt_logo.png  used on input line 588.
(pdftex.def)             Requested size: 56.9055pt x 12.5832pt.


Package fancyhdr Warning: \headheight is too small (12.0pt): 
(fancyhdr)                Make it at least 16.93324pt, for example:
(fancyhdr)                \setlength{\headheight}{16.93324pt}.
(fancyhdr)                You might also make \topmargin smaller to compensate:

(fancyhdr)                \addtolength{\topmargin}{-4.93324pt}.

[24]
File: toelt_logo.png Graphic file (type png)
<use toelt_logo.png>
Package pdftex.def Info: toelt_logo.png  used on input line 588.
(pdftex.def)             Requested size: 56.9055pt x 12.5832pt.


Package fancyhdr Warning: \headheight is too small (12.0pt): 
(fancyhdr)                Make it at least 16.93324pt, for example:
(fancyhdr)                \setlength{\headheight}{16.93324pt}.
(fancyhdr)                You might also make \topmargin smaller to compensate:

(fancyhdr)                \addtolength{\topmargin}{-4.93324pt}.

[25 <./images/image14.png>]
File: toelt_logo.png Graphic file (type png)
<use toelt_logo.png>
Package pdftex.def Info: toelt_logo.png  used on input line 588.
(pdftex.def)             Requested size: 56.9055pt x 12.5832pt.


Package fancyhdr Warning: \headheight is too small (12.0pt): 
(fancyhdr)                Make it at least 16.93324pt, for example:
(fancyhdr)                \setlength{\headheight}{16.93324pt}.
(fancyhdr)                You might also make \topmargin smaller to compensate:

(fancyhdr)                \addtolength{\topmargin}{-4.93324pt}.

[26 <./images/image15.png>] (./ae.aux)
Package rerunfilecheck Info: File `ae.out' has not changed.
(rerunfilecheck)             Checksum: B73FFEF87722A40780E8B0C62AEC8A4B;3994.
 ) 
Here is how much of TeX's memory you used:
 14164 strings out of 478268
 226410 string characters out of 5846347
 547936 words of memory out of 5000000
 31988 multiletter control sequences out of 15000+600000
 494179 words of font info for 98 fonts, out of 8000000 for 9000
 1141 hyphenation exceptions out of 8191
 84i,20n,90p,1731b,672s stack positions out of 10000i,1000n,20000p,200000b,200000s
{/usr/local/texlive/2022/texmf-dist/fonts/enc/dvips/cm-super/cm-super-t1.enc}
{/usr/local/texlive/2022/texmf-dist/fonts/enc/dvips/cm-super/cm-super-ts1.enc}<
/usr/local/texlive/2022/texmf-dist/fonts/type1/public/dutchcal/DutchCalReg.pfb>
</usr/local/texlive/2022/texmf-dist/fonts/type1/public/amsfonts/cm/cmbx12.pfb><
/usr/local/texlive/2022/texmf-dist/fonts/type1/public/amsfonts/cm/cmbx8.pfb></u
sr/local/texlive/2022/texmf-dist/fonts/type1/public/amsfonts/cm/cmex10.pfb></us
r/local/texlive/2022/texmf-dist/fonts/type1/public/amsfonts/cm/cmmi12.pfb></usr
/local/texlive/2022/texmf-dist/fonts/type1/public/amsfonts/cm/cmmi6.pfb></usr/l
ocal/texlive/2022/texmf-dist/fonts/type1/public/amsfonts/cm/cmmi8.pfb></usr/loc
al/texlive/2022/texmf-dist/fonts/type1/public/amsfonts/cm/cmr12.pfb></usr/local
/texlive/2022/texmf-dist/fonts/type1/public/amsfonts/cm/cmr8.pfb></usr/local/te
xlive/2022/texmf-dist/fonts/type1/public/amsfonts/cm/cmsy10.pfb></usr/local/tex
live/2022/texmf-dist/fonts/type1/public/amsfonts/cm/cmsy8.pfb></usr/local/texli
ve/2022/texmf-dist/fonts/type1/public/amsfonts/symbols/msbm10.pfb></usr/local/t
exlive/2022/texmf-dist/fonts/type1/public/cm-super/sfbx1200.pfb></usr/local/tex
live/2022/texmf-dist/fonts/type1/public/cm-super/sfbx1440.pfb></usr/local/texli
ve/2022/texmf-dist/fonts/type1/public/cm-super/sfbx1728.pfb></usr/local/texlive
/2022/texmf-dist/fonts/type1/public/cm-super/sfrm0700.pfb></usr/local/texlive/2
022/texmf-dist/fonts/type1/public/cm-super/sfrm0800.pfb></usr/local/texlive/202
2/texmf-dist/fonts/type1/public/cm-super/sfrm1000.pfb></usr/local/texlive/2022/
texmf-dist/fonts/type1/public/cm-super/sfrm1200.pfb></usr/local/texlive/2022/te
xmf-dist/fonts/type1/public/cm-super/sfrm1440.pfb></usr/local/texlive/2022/texm
f-dist/fonts/type1/public/cm-super/sfrm2074.pfb></usr/local/texlive/2022/texmf-
dist/fonts/type1/public/cm-super/sfti0700.pfb></usr/local/texlive/2022/texmf-di
st/fonts/type1/public/cm-super/sfti0800.pfb></usr/local/texlive/2022/texmf-dist
/fonts/type1/public/cm-super/sfti1200.pfb></usr/local/texlive/2022/texmf-dist/f
onts/type1/public/cm-super/sftt1000.pfb></usr/local/texlive/2022/texmf-dist/fon
ts/type1/public/cm-super/sftt1200.pfb>
Output written on ae.pdf (26 pages, 1197713 bytes).
PDF statistics:
 561 PDF objects out of 1000 (max. 8388607)
 438 compressed objects within 5 object streams
 111 named destinations out of 1000 (max. 500000)
 247 words of extra memory for PDF output out of 10000 (max. 10000000)

