\BOOKMARK [1][-]{section.1}{\376\377\000I\000n\000t\000r\000o\000d\000u\000c\000t\000i\000o\000n}{}% 1
\BOOKMARK [2][-]{subsection.1.1}{\376\377\000R\000e\000g\000u\000l\000a\000r\000i\000z\000a\000t\000i\000o\000n\000\040\000i\000n\000\040\000a\000u\000t\000o\000e\000n\000c\000o\000d\000e\000r\000s}{section.1}% 2
\BOOKMARK [1][-]{section.2}{\376\377\000F\000e\000e\000d\000\040\000F\000o\000r\000w\000a\000r\000d\000\040\000A\000u\000t\000o\000e\000n\000c\000o\000d\000e\000r\000s}{}% 3
\BOOKMARK [2][-]{subsection.2.1}{\376\377\000A\000c\000t\000i\000v\000a\000t\000i\000o\000n\000\040\000F\000u\000n\000c\000t\000i\000o\000n\000\040\000o\000f\000\040\000t\000h\000e\000\040\000O\000u\000t\000p\000u\000t\000\040\000L\000a\000y\000e\000r}{section.2}% 4
\BOOKMARK [3][-]{subsubsection.2.1.1}{\376\377\000R\000e\000L\000U}{subsection.2.1}% 5
\BOOKMARK [3][-]{subsubsection.2.1.2}{\376\377\000S\000i\000g\000m\000o\000i\000d}{subsection.2.1}% 6
\BOOKMARK [2][-]{subsection.2.2}{\376\377\000L\000o\000s\000s\000\040\000F\000u\000n\000c\000t\000i\000o\000n}{section.2}% 7
\BOOKMARK [3][-]{subsubsection.2.2.1}{\376\377\000M\000e\000a\000n\000\040\000S\000q\000u\000a\000r\000e\000\040\000E\000r\000r\000o\000r}{subsection.2.2}% 8
\BOOKMARK [3][-]{subsubsection.2.2.2}{\376\377\000B\000i\000n\000a\000r\000y\000\040\000C\000r\000o\000s\000s\000-\000E\000n\000t\000r\000o\000p\000y}{subsection.2.2}% 9
\BOOKMARK [2][-]{subsection.2.3}{\376\377\000R\000e\000c\000o\000n\000s\000t\000r\000u\000c\000t\000i\000o\000n\000\040\000E\000r\000r\000o\000r}{section.2}% 10
\BOOKMARK [2][-]{subsection.2.4}{\376\377\000E\000x\000a\000m\000p\000l\000e\000:\000\040\000r\000e\000c\000o\000n\000s\000t\000r\000u\000c\000t\000i\000o\000n\000\040\000o\000f\000\040\000h\000a\000n\000d\000-\000w\000r\000i\000t\000t\000e\000n\000\040\000d\000i\000g\000i\000t\000s}{section.2}% 11
\BOOKMARK [1][-]{section.3}{\376\377\000A\000u\000t\000o\000e\000n\000c\000o\000d\000e\000r\000s\000\040\000A\000p\000p\000l\000i\000c\000a\000t\000i\000o\000n\000s}{}% 12
\BOOKMARK [2][-]{subsection.3.1}{\376\377\000D\000i\000m\000e\000n\000s\000i\000o\000n\000a\000l\000i\000t\000y\000\040\000R\000e\000d\000u\000c\000t\000i\000o\000n}{section.3}% 13
\BOOKMARK [2][-]{subsection.3.2}{\376\377\000C\000l\000a\000s\000s\000i\000f\000i\000c\000a\000t\000i\000o\000n}{section.3}% 14
\BOOKMARK [3][-]{subsubsection.3.2.1}{\376\377\000C\000l\000a\000s\000s\000i\000f\000i\000c\000a\000t\000i\000o\000n\000\040\000w\000i\000t\000h\000\040\000L\000a\000t\000e\000n\000t\000\040\000F\000e\000a\000t\000u\000r\000e\000s}{subsection.3.2}% 15
\BOOKMARK [3][-]{subsubsection.3.2.2}{\376\377\000C\000u\000r\000s\000e\000\040\000o\000f\000\040\000d\000i\000m\000e\000n\000s\000i\000o\000n\000a\000l\000i\000t\000y\000\040\040\023\000\040\000a\000\040\000s\000m\000a\000l\000l\000\040\000d\000e\000t\000o\000u\000r}{subsection.3.2}% 16
\BOOKMARK [2][-]{subsection.3.3}{\376\377\000A\000n\000o\000m\000a\000l\000y\000\040\000D\000e\000t\000e\000c\000t\000i\000o\000n}{section.3}% 17
\BOOKMARK [3][-]{subsubsection.3.3.1}{\376\377\000M\000o\000d\000e\000l\000\040\000S\000t\000a\000b\000i\000l\000i\000t\000y\000\040\040\023\000\040\000a\000\040\000s\000h\000o\000r\000t\000\040\000n\000o\000t\000e}{subsection.3.3}% 18
\BOOKMARK [2][-]{subsection.3.4}{\376\377\000D\000e\000n\000o\000i\000s\000i\000n\000g\000\040\000a\000u\000t\000o\000e\000n\000c\000o\000d\000e\000r\000s}{section.3}% 19
\BOOKMARK [1][-]{section.4}{\376\377\000B\000e\000y\000o\000n\000d\000\040\000F\000F\000A\000\040\040\023\000\040\000a\000u\000t\000o\000e\000n\000c\000o\000d\000e\000r\000s\000\040\000w\000i\000t\000h\000\040\000c\000o\000n\000v\000o\000l\000u\000t\000i\000o\000n\000a\000l\000\040\000l\000a\000y\000e\000r\000s}{}% 20
\BOOKMARK [1][-]{section.5}{\376\377\000C\000o\000d\000e\000\040\000E\000x\000a\000m\000p\000l\000e\000s}{}% 21
\BOOKMARK [1][-]{section.6}{\376\377\000F\000u\000r\000t\000h\000e\000r\000\040\000R\000e\000a\000d\000i\000n\000g\000s}{}% 22
